<?xml version="1.0" encoding="UTF-8"?>
<!-- Generated by org.testng.reporters.JUnitReportReporter -->
<testsuite hostname="DESKTOP-K0RI74M" failures="0" tests="1" name="testNG.FBTC2" time="21.183" errors="0" timestamp="2022-09-06T14:11:06 IST" skipped="0">
  <testcase classname="testNG.FBTC2" name="createPage" time="21.183"/>
  <system-out>
    <![CDATA[Log in to Facebook
https://www.facebook.com/login/?next=https%3A%2F%2Fwww.facebook.com%2Fpages%2Fcreate%2F%3Fref_type%3Dregistration_form]]>
  </system-out>
</testsuite> <!-- testNG.FBTC2 -->
