<?xml version="1.0" encoding="UTF-8"?>
<!-- Generated by org.testng.reporters.JUnitReportReporter -->
<testsuite hostname="DESKTOP-K0RI74M" failures="0" tests="1" name="testNG.Test0" time="0.015" errors="0" timestamp="2022-07-23T09:32:40 IST" skipped="0">
  <testcase classname="testNG.Test0" name="demo" time="0.015"/>
  <system-out>
    <![CDATA[hello
bro]]>
  </system-out>
</testsuite> <!-- testNG.Test0 -->
