<?xml version="1.0" encoding="UTF-8"?>
<!-- Generated by org.testng.reporters.JUnitReportReporter -->
<testsuite hostname="Lenovo-PC" failures="0" tests="2" name="testNG.Test5" time="0.019" errors="0" timestamp="2022-07-01T08:59:32 IST" skipped="0">
  <testcase classname="testNG.Test5" name="calls" time="0.015"/>
  <system-out>
    <![CDATA[calls]]>
  </system-out>
  <testcase classname="testNG.Test5" name="calls" time="0.004"/>
  <system-out>
    <![CDATA[calls]]>
  </system-out>
</testsuite> <!-- testNG.Test5 -->
