<?xml version="1.0" encoding="UTF-8"?>
<!-- Generated by org.testng.reporters.JUnitReportReporter -->
<testsuite hostname="DESKTOP-K0RI74M" failures="0" tests="1" name="testNG.FBTC1" time="13.420" errors="0" timestamp="2022-09-06T14:11:06 IST" skipped="0">
  <testcase classname="testNG.FBTC1" name="login" time="13.420"/>
  <system-out>
    <![CDATA[(6) Facebook
https://www.facebook.com/]]>
  </system-out>
</testsuite> <!-- testNG.FBTC1 -->
