<?xml version="1.0" encoding="UTF-8"?>
<!-- Generated by org.testng.reporters.JUnitReportReporter -->
<testsuite hostname="Lenovo-PC" failures="0" tests="4" name="testNG.Test4" time="0.024" errors="0" timestamp="2022-07-01T08:46:23 IST" skipped="1">
  <testcase classname="testNG.Test4" name="calls" time="0.017"/>
  <system-out>
    <![CDATA[calls]]>
  </system-out>
  <testcase classname="testNG.Test4" name="calls" time="0.005"/>
  <system-out>
    <![CDATA[calls]]>
  </system-out>
  <testcase classname="testNG.Test4" name="exit" time="0.002"/>
  <system-out>
    <![CDATA[exit]]>
  </system-out>
  <testcase classname="testNG.Test4" name="setting">
    <skipped/>
  </testcase> <!-- setting -->
  <system-out/>
</testsuite> <!-- testNG.Test4 -->
