<?xml version="1.0" encoding="UTF-8"?>
<!-- Generated by org.testng.reporters.JUnitReportReporter -->
<testsuite hostname="DESKTOP-K0RI74M" failures="0" tests="2" name="testNG.FB1" time="111.439" errors="0" timestamp="2022-09-04T09:47:36 IST" skipped="0">
  <testcase classname="testNG.FB1" name="openApp" time="61.287"/>
  <system-out>
    <![CDATA[(8) Facebook
https://www.facebook.com/]]>
  </system-out>
  <testcase classname="testNG.FB1" name="openApp" time="50.152"/>
  <system-out>
    <![CDATA[(7) Facebook
https://www.facebook.com/]]>
  </system-out>
</testsuite> <!-- testNG.FB1 -->
