<?xml version="1.0" encoding="UTF-8"?>
<!-- Generated by org.testng.reporters.JUnitReportReporter -->
<testsuite hostname="Lenovo-PC" failures="0" tests="3" name="testNG.Test1" time="0.025" errors="0" timestamp="2022-07-01T08:25:14 IST" skipped="0">
  <testcase classname="testNG.Test1" name="calls" time="0.015"/>
  <system-out>
    <![CDATA[calls]]>
  </system-out>
  <testcase classname="testNG.Test1" name="setting" time="0.003"/>
  <system-out>
    <![CDATA[setting]]>
  </system-out>
  <testcase classname="testNG.Test1" name="chats" time="0.007"/>
  <system-out>
    <![CDATA[chat]]>
  </system-out>
</testsuite> <!-- testNG.Test1 -->
