<?xml version="1.0" encoding="UTF-8"?>
<!-- Generated by org.testng.reporters.JUnitReportReporter -->
<testsuite hostname="DESKTOP-K0RI74M" failures="0" tests="4" name="testNG.Test2" time="0.036" errors="0" timestamp="2022-09-06T14:08:46 IST" skipped="0">
  <testcase classname="testNG.Test2" name="chats" time="0.021"/>
  <system-out>
    <![CDATA[chat]]>
  </system-out>
  <testcase classname="testNG.Test2" name="calls" time="0.004"/>
  <system-out>
    <![CDATA[calls]]>
  </system-out>
  <testcase classname="testNG.Test2" name="setting" time="0.008"/>
  <system-out>
    <![CDATA[setting]]>
  </system-out>
  <testcase classname="testNG.Test2" name="exit" time="0.003"/>
  <system-out>
    <![CDATA[exit]]>
  </system-out>
</testsuite> <!-- testNG.Test2 -->
