<?xml version="1.0" encoding="UTF-8"?>
<!-- Generated by org.testng.reporters.JUnitReportReporter -->
<testsuite hostname="Lenovo-PC" failures="0" tests="6" name="testNG.Test3" time="0.035" errors="0" timestamp="2022-07-01T08:43:04 IST" skipped="0">
  <testcase classname="testNG.Test3" name="calls" time="0.020"/>
  <system-out>
    <![CDATA[calls]]>
  </system-out>
  <testcase classname="testNG.Test3" name="calls" time="0.006"/>
  <system-out>
    <![CDATA[calls]]>
  </system-out>
  <testcase classname="testNG.Test3" name="setting" time="0.003"/>
  <system-out>
    <![CDATA[setting]]>
  </system-out>
  <testcase classname="testNG.Test3" name="setting" time="0.002"/>
  <system-out>
    <![CDATA[setting]]>
  </system-out>
  <testcase classname="testNG.Test3" name="setting" time="0.002"/>
  <system-out>
    <![CDATA[setting]]>
  </system-out>
  <testcase classname="testNG.Test3" name="exit" time="0.002"/>
  <system-out>
    <![CDATA[exit]]>
  </system-out>
</testsuite> <!-- testNG.Test3 -->
