<?xml version="1.0" encoding="UTF-8"?>
<!-- Generated by org.testng.reporters.JUnitReportReporter -->
<testsuite hostname="DESKTOP-K0RI74M" failures="0" tests="1" name="testNG.skillararyPract" time="16.331" errors="0" timestamp="2022-07-20T12:51:43 IST" skipped="0">
  <testcase classname="testNG.skillararyPract" name="Mousehover" time="16.331"/>
  <system-out>
    <![CDATA[https://www.skillrary.com/user/login ]]>
  </system-out>
</testsuite> <!-- testNG.skillararyPract -->
